[1104/193630.737:WARNING:used_ids.h(55)] Duplicate id found. Reassigning from 104 to 127
[1104/193630.737:WARNING:used_ids.h(55)] Duplicate id found. Reassigning from 102 to 125
[1104/193630.737:WARNING:used_ids.h(55)] Duplicate id found. Reassigning from 104 to 124
[1104/193630.737:WARNING:used_ids.h(55)] Duplicate id found. Reassigning from 106 to 123
[1104/193630.737:WARNING:used_ids.h(55)] Duplicate id found. Reassigning from 110 to 122
[1104/193630.737:WARNING:used_ids.h(55)] Duplicate id found. Reassigning from 103 to 121
[1104/193630.737:WARNING:used_ids.h(55)] Duplicate id found. Reassigning from 105 to 120
[1104/193630.737:WARNING:used_ids.h(55)] Duplicate id found. Reassigning from 111 to 119
[1104/193630.737:WARNING:used_ids.h(55)] Duplicate id found. Reassigning from 1 to 14
[1104/193630.738:WARNING:used_ids.h(55)] Duplicate id found. Reassigning from 3 to 13
[1104/193630.738:WARNING:used_ids.h(55)] Duplicate id found. Reassigning from 5 to 12
[1104/193630.738:WARNING:used_ids.h(55)] Duplicate id found. Reassigning from 6 to 11
[1104/193630.738:ERROR:audio_rtp_receiver.cc(88)] AudioRtpReceiver::OnSetVolume: No audio channel exists.
[1104/193709.831:ERROR:gpu_init.cc(426)] Passthrough is not supported, GL is disabled
[1104/215429.216:WARNING:spdy_session.cc(3431)] Received HEADERS for invalid stream 255
[1104/215429.634:WARNING:angle_platform_impl.cc(48)] HLSLCompiler.cpp:257 (compileToBinary): 
C:\fakepath(85,1-6): warning X4000: use of potentially uninitialized variable (dyn_index_vec4_float4)

[1104/215429.732:WARNING:angle_platform_impl.cc(48)] HLSLCompiler.cpp:257 (compileToBinary): 
C:\fakepath(131,1): warning X4000: use of potentially uninitialized variable (f_i)
C:\fakepath(133,1): warning X4000: use of potentially uninitialized variable (f_i)
C:\fakepath(169,1): warning X4000: use of potentially uninitialized variable (f_u)

[1104/221229.712:WARNING:angle_platform_impl.cc(48)] HLSLCompiler.cpp:257 (compileToBinary): 
C:\fakepath(131,1): warning X4000: use of potentially uninitialized variable (f_i)
C:\fakepath(133,1): warning X4000: use of potentially uninitialized variable (f_i)
C:\fakepath(169,1): warning X4000: use of potentially uninitialized variable (f_u)

[1104/221231.805:WARNING:angle_platform_impl.cc(48)] HLSLCompiler.cpp:257 (compileToBinary): 
C:\fakepath(408,10-38): warning X4008: floating point division by zero
C:\fakepath(408,10-38): warning X4008: floating point division by zero

